14:31:55 [DEBUG]  _jog: moving axis=X step=1.0 pos={'x_pos': -5.0, 'y_pos': -5.0, 'z_pos': -5.0}
14:31:55 [DEBUG] move_XYZ result='ok'
14:31:57 [DEBUG]  _jog: moving axis=X step=1.0 pos={'x_pos': -4.0, 'y_pos': -5.0, 'z_pos': -5.0}
14:31:57 [DEBUG] move_XYZ result='ok'
14:31:58 [DEBUG]  _jog: moving axis=X step=1.0 pos={'x_pos': -3.0, 'y_pos': -5.0, 'z_pos': -5.0}
14:31:59 [DEBUG] move_XYZ result='ok'
14:32:00 [DEBUG]  _jog: moving axis=X step=1.0 pos={'x_pos': -2.0, 'y_pos': -5.0, 'z_pos': -5.0}
14:32:00 [DEBUG] move_XYZ result='ok'
14:32:01 [DEBUG]  _jog: moving axis=X step=1.0 pos={'x_pos': -1.0, 'y_pos': -5.0, 'z_pos': -5.0}
14:32:01 [DEBUG] move_XYZ result='ok'
14:32:02 [DEBUG]  _jog: moving axis=X step=1.0 pos={'x_pos': 0.0, 'y_pos': -5.0, 'z_pos': -5.0}
14:32:02 [DEBUG] move_XYZ result='ALARM'
14:32:02 [DEBUG] Emitting alarm_triggered from jog
14:32:02 [DEBUG]  _motion_finished: in_alarm is True, skipping re-enable
14:32:02 [DEBUG] recover: soft_reset
14:32:02 [DEBUG] recover: soft_reset
14:32:02 [DEBUG] recover: sending $X
14:32:02 [DEBUG] recover: sending $X
14:32:35 [DEBUG] CNCWorker EXCEPTION (type=recover):
Traceback (most recent call last):
  File "/home/r/rpi_camera_tests/GUI/cnc.py", line 200, in run
    self.cnc.send_command("$X\n")
  File "/home/r/rpi_camera_tests/GUI/cnc.py", line 100, in send_command
    response = self.ser.readline().decode().strip()
               ^^^^^^^^^^^^^^^^^^^
  File "/usr/lib/python3/dist-packages/serial/serialposix.py", line 575, in read
    buf = os.read(self.fd, size - len(read))
          ^^^^^^^^^^^^^^^^^^^^^^^^^^^^^^^^^^
TypeError: 'NoneType' object cannot be interpreted as an integer

14:32:35 [DEBUG] CNCWorker EXCEPTION (type=recover):
Traceback (most recent call last):
  File "/usr/lib/python3/dist-packages/serial/serialposix.py", line 567, in read
    os.read(self.pipe_abort_read_r, 1000)
OSError: [Errno 9] Bad file descriptor

During handling of the above exception, another exception occurred:

Traceback (most recent call last):
  File "/home/r/rpi_camera_tests/GUI/cnc.py", line 200, in run
    self.cnc.send_command("$X\n")
  File "/home/r/rpi_camera_tests/GUI/cnc.py", line 100, in send_command
    response = self.ser.readline().decode().strip()
               ^^^^^^^^^^^^^^^^^^^
  File "/usr/lib/python3/dist-packages/serial/serialposix.py", line 581, in read
    raise SerialException('read failed: {}'.format(e))
serial.serialutil.SerialException: read failed: [Errno 9] Bad file descriptor

14:37:06 [DEBUG]  _jog: moving axis=X step=1.0 pos={'x_pos': -5.0, 'y_pos': -5.0, 'z_pos': -5.0}
14:37:06 [DEBUG] move_XYZ result='ok'
14:37:07 [DEBUG]  _jog: moving axis=X step=1.0 pos={'x_pos': -4.0, 'y_pos': -5.0, 'z_pos': -5.0}
14:37:07 [DEBUG] move_XYZ result='ok'
14:37:08 [DEBUG]  _jog: moving axis=X step=1.0 pos={'x_pos': -3.0, 'y_pos': -5.0, 'z_pos': -5.0}
14:37:08 [DEBUG] move_XYZ result='ok'
14:37:09 [DEBUG]  _jog: moving axis=X step=1.0 pos={'x_pos': -2.0, 'y_pos': -5.0, 'z_pos': -5.0}
14:37:09 [DEBUG] move_XYZ result='ok'
14:37:10 [DEBUG]  _jog: moving axis=X step=1.0 pos={'x_pos': -1.0, 'y_pos': -5.0, 'z_pos': -5.0}
14:37:10 [DEBUG] move_XYZ result='ok'
14:37:11 [DEBUG]  _jog: moving axis=X step=1.0 pos={'x_pos': 0.0, 'y_pos': -5.0, 'z_pos': -5.0}
14:37:11 [DEBUG] move_XYZ result='ALARM'
14:37:11 [DEBUG] Emitting alarm_triggered from jog
14:37:11 [DEBUG]  _motion_finished: in_alarm is True, skipping re-enable
14:37:11 [DEBUG] recover: soft_reset
14:37:11 [DEBUG] recover: sending $X
14:39:12 [DEBUG]  _jog: moving axis=X step=1.0 pos={'x_pos': -5.0, 'y_pos': -5.0, 'z_pos': -5.0}
14:39:12 [DEBUG] move_XYZ result='ok'
14:39:13 [DEBUG]  _jog: moving axis=X step=1.0 pos={'x_pos': -4.0, 'y_pos': -5.0, 'z_pos': -5.0}
14:39:13 [DEBUG] move_XYZ result='ok'
14:39:15 [DEBUG]  _jog: moving axis=X step=1.0 pos={'x_pos': -3.0, 'y_pos': -5.0, 'z_pos': -5.0}
14:39:15 [DEBUG] move_XYZ result='ok'
14:39:16 [DEBUG]  _jog: moving axis=X step=1.0 pos={'x_pos': -2.0, 'y_pos': -5.0, 'z_pos': -5.0}
14:39:16 [DEBUG] move_XYZ result='ok'
14:39:17 [DEBUG]  _jog: moving axis=X step=1.0 pos={'x_pos': -1.0, 'y_pos': -5.0, 'z_pos': -5.0}
14:39:18 [DEBUG] move_XYZ result='ok'
14:39:19 [DEBUG]  _jog: moving axis=X step=1.0 pos={'x_pos': 0.0, 'y_pos': -5.0, 'z_pos': -5.0}
14:39:19 [DEBUG] move_XYZ result='ALARM'
14:39:19 [DEBUG] Emitting alarm_triggered from jog
14:39:19 [DEBUG]  _motion_finished: in_alarm is True, skipping re-enable
14:39:19 [DEBUG] recover: soft_reset
14:39:19 [DEBUG] recover: sending $X
14:39:47 [DEBUG] CNCWorker EXCEPTION (type=recover):
Traceback (most recent call last):
  File "/home/r/rpi_camera_tests/GUI/cnc.py", line 200, in run
    self.cnc.send_command("$X\n")
  File "/home/r/rpi_camera_tests/GUI/cnc.py", line 100, in send_command
    response = self.ser.readline().decode().strip()
               ^^^^^^^^^^^^^^^^^^^
  File "/usr/lib/python3/dist-packages/serial/serialposix.py", line 575, in read
    buf = os.read(self.fd, size - len(read))
          ^^^^^^^^^^^^^^^^^^^^^^^^^^^^^^^^^^
TypeError: 'NoneType' object cannot be interpreted as an integer

14:43:16 [DEBUG]  _jog: moving axis=X step=1.0 pos={'x_pos': -5.0, 'y_pos': -5.0, 'z_pos': -5.0}
14:43:16 [DEBUG] move_XYZ result='ok'
14:43:16 [DEBUG]  _jog: moving axis=X step=1.0 pos={'x_pos': -4.0, 'y_pos': -5.0, 'z_pos': -5.0}
14:43:16 [DEBUG] move_XYZ result='ok'
14:43:17 [DEBUG]  _jog: moving axis=X step=1.0 pos={'x_pos': -3.0, 'y_pos': -5.0, 'z_pos': -5.0}
14:43:17 [DEBUG] move_XYZ result='ok'
14:43:18 [DEBUG]  _jog: moving axis=X step=1.0 pos={'x_pos': -2.0, 'y_pos': -5.0, 'z_pos': -5.0}
14:43:18 [DEBUG] move_XYZ result='ok'
14:43:19 [DEBUG]  _jog: moving axis=X step=1.0 pos={'x_pos': -1.0, 'y_pos': -5.0, 'z_pos': -5.0}
14:43:19 [DEBUG] move_XYZ result='ok'
14:43:20 [DEBUG]  _jog: moving axis=X step=1.0 pos={'x_pos': 0.0, 'y_pos': -5.0, 'z_pos': -5.0}
14:43:20 [DEBUG] move_XYZ result='ALARM'
14:43:20 [DEBUG] Emitting alarm_triggered from jog
14:43:20 [DEBUG]  _motion_finished: in_alarm is True, skipping re-enable
14:43:20 [DEBUG] recover: soft_reset
14:43:20 [DEBUG] soft_reset: sending Ctrl+X
14:43:20 [DEBUG] soft_reset: reopening serial port
14:43:21 [DEBUG] soft_reset: serial port reopened
14:43:21 [DEBUG] recover: sending $X
14:43:43 [DEBUG] CNCWorker EXCEPTION (type=recover):
Traceback (most recent call last):
  File "/home/r/rpi_camera_tests/GUI/cnc.py", line 218, in run
    self.cnc.send_command("$X\n")
  File "/home/r/rpi_camera_tests/GUI/cnc.py", line 118, in send_command
    response = self.ser.readline().decode().strip()
               ^^^^^^^^^^^^^^^^^^^
  File "/usr/lib/python3/dist-packages/serial/serialposix.py", line 575, in read
    buf = os.read(self.fd, size - len(read))
          ^^^^^^^^^^^^^^^^^^^^^^^^^^^^^^^^^^
TypeError: 'NoneType' object cannot be interpreted as an integer

14:46:48 [DEBUG] send_command: fd=13 is_open=True cmd='$X'
14:46:48 [DEBUG] wait_for_movement_completion: skipping for '$X'
14:46:48 [DEBUG] send_command: after wait, fd=13 is_open=True
14:46:48 [DEBUG] send_command readline #0: fd=13
14:46:48 [DEBUG] send_command readline #0 response: '[MSG:Caution: Unlocked]'
14:46:48 [DEBUG] send_command readline #1: fd=13
14:46:48 [DEBUG] send_command readline #1 response: 'ok'
14:46:59 [DEBUG] send_command: fd=13 is_open=True cmd='$H'
14:46:59 [DEBUG] wait_poll: fd=13 is_open=True
14:47:00 [DEBUG] wait_poll response: ''
14:47:00 [DEBUG] wait_poll: fd=13 is_open=True
14:47:01 [DEBUG] wait_poll response: ''
14:47:01 [DEBUG] wait_poll: fd=13 is_open=True
14:47:02 [DEBUG] wait_poll response: ''
14:47:02 [DEBUG] wait_poll: fd=13 is_open=True
14:47:03 [DEBUG] wait_poll response: ''
14:47:03 [DEBUG] wait_poll: fd=13 is_open=True
14:47:04 [DEBUG] wait_poll response: ''
14:47:04 [DEBUG] wait_poll: fd=13 is_open=True
14:47:05 [DEBUG] wait_poll response: ''
14:47:05 [DEBUG] wait_poll: fd=13 is_open=True
14:47:06 [DEBUG] wait_poll response: ''
14:47:06 [DEBUG] wait_poll: fd=13 is_open=True
14:47:07 [DEBUG] wait_poll response: ''
14:47:07 [DEBUG] wait_poll: fd=13 is_open=True
14:47:08 [DEBUG] wait_poll response: '<Home|MPos:-5.000,-5.000,-5.000|FS:0,0|WCO:0.000,0.000,0.000>'
14:47:08 [DEBUG] wait_poll: fd=13 is_open=True
14:47:08 [DEBUG] wait_poll response: 'ok'
14:47:08 [DEBUG] wait_poll: fd=13 is_open=True
14:47:08 [DEBUG] wait_poll response: '<Idle|MPos:-5.000,-5.000,-5.000|FS:0,0>'
14:47:08 [DEBUG] send_command: after wait, fd=13 is_open=True
14:47:08 [DEBUG] send_command readline #0: fd=13
14:47:08 [DEBUG] send_command readline #0 response: 'ok'
14:47:10 [DEBUG] send_command: fd=13 is_open=True cmd='?'
14:47:10 [DEBUG] wait_for_movement_completion: skipping for '?'
14:47:10 [DEBUG] send_command: after wait, fd=13 is_open=True
14:47:10 [DEBUG] send_command readline #0: fd=13
14:47:10 [DEBUG] send_command readline #0 response: '<Idle|MPos:-5.000,-5.000,-5.000|FS:0,0>'
14:47:10 [DEBUG] send_command readline #1: fd=13
14:47:10 [DEBUG] send_command readline #1 response: 'ok'
14:47:10 [DEBUG]  _jog: moving axis=X step=1.0 pos={'x_pos': -5.0, 'y_pos': -5.0, 'z_pos': -5.0}
14:47:10 [DEBUG] send_command: fd=13 is_open=True cmd='G1 X-4.0 Y-5.0 Z-5.0 F2500'
14:47:10 [DEBUG] wait_poll: fd=13 is_open=True
14:47:10 [DEBUG] wait_poll response: '<Idle|MPos:-5.000,-5.000,-5.000|FS:0,0>'
14:47:10 [DEBUG] send_command: after wait, fd=13 is_open=True
14:47:10 [DEBUG] send_command readline #0: fd=13
14:47:11 [DEBUG] send_command readline #0 response: 'ok'
14:47:11 [DEBUG] move_XYZ result='ok'
14:47:11 [DEBUG] send_command: fd=13 is_open=True cmd='?'
14:47:12 [DEBUG] wait_for_movement_completion: skipping for '?'
14:47:12 [DEBUG] send_command: after wait, fd=13 is_open=True
14:47:12 [DEBUG] send_command readline #0: fd=13
14:47:12 [DEBUG] send_command readline #0 response: '<Idle|MPos:-4.000,-5.000,-5.000|FS:0,0>'
14:47:12 [DEBUG] send_command readline #1: fd=13
14:47:12 [DEBUG] send_command readline #1 response: 'ok'
14:47:12 [DEBUG]  _jog: moving axis=X step=1.0 pos={'x_pos': -4.0, 'y_pos': -5.0, 'z_pos': -5.0}
14:47:12 [DEBUG] send_command: fd=13 is_open=True cmd='G1 X-3.0 Y-5.0 Z-5.0 F2500'
14:47:12 [DEBUG] wait_poll: fd=13 is_open=True
14:47:12 [DEBUG] wait_poll response: '<Idle|MPos:-4.000,-5.000,-5.000|FS:0,0>'
14:47:12 [DEBUG] send_command: after wait, fd=13 is_open=True
14:47:12 [DEBUG] send_command readline #0: fd=13
14:47:12 [DEBUG] send_command readline #0 response: 'ok'
14:47:12 [DEBUG] move_XYZ result='ok'
14:47:12 [DEBUG] send_command: fd=13 is_open=True cmd='?'
14:47:12 [DEBUG] wait_for_movement_completion: skipping for '?'
14:47:12 [DEBUG] send_command: after wait, fd=13 is_open=True
14:47:12 [DEBUG] send_command readline #0: fd=13
14:47:12 [DEBUG] send_command readline #0 response: '<Idle|MPos:-3.000,-5.000,-5.000|FS:0,0>'
14:47:12 [DEBUG] send_command readline #1: fd=13
14:47:12 [DEBUG] send_command readline #1 response: 'ok'
14:47:12 [DEBUG]  _jog: moving axis=X step=1.0 pos={'x_pos': -3.0, 'y_pos': -5.0, 'z_pos': -5.0}
14:47:12 [DEBUG] send_command: fd=13 is_open=True cmd='G1 X-2.0 Y-5.0 Z-5.0 F2500'
14:47:12 [DEBUG] wait_poll: fd=13 is_open=True
14:47:12 [DEBUG] wait_poll response: '<Idle|MPos:-3.000,-5.000,-5.000|FS:0,0>'
14:47:12 [DEBUG] send_command: after wait, fd=13 is_open=True
14:47:12 [DEBUG] send_command readline #0: fd=13
14:47:12 [DEBUG] send_command readline #0 response: 'ok'
14:47:12 [DEBUG] move_XYZ result='ok'
14:47:13 [DEBUG] send_command: fd=13 is_open=True cmd='?'
14:47:13 [DEBUG] wait_for_movement_completion: skipping for '?'
14:47:13 [DEBUG] send_command: after wait, fd=13 is_open=True
14:47:13 [DEBUG] send_command readline #0: fd=13
14:47:13 [DEBUG] send_command readline #0 response: '<Idle|MPos:-2.000,-5.000,-5.000|FS:0,0>'
14:47:13 [DEBUG] send_command readline #1: fd=13
14:47:13 [DEBUG] send_command readline #1 response: 'ok'
14:47:13 [DEBUG]  _jog: moving axis=X step=1.0 pos={'x_pos': -2.0, 'y_pos': -5.0, 'z_pos': -5.0}
14:47:13 [DEBUG] send_command: fd=13 is_open=True cmd='G1 X-1.0 Y-5.0 Z-5.0 F2500'
14:47:13 [DEBUG] wait_poll: fd=13 is_open=True
14:47:13 [DEBUG] wait_poll response: '<Idle|MPos:-2.000,-5.000,-5.000|FS:0,0>'
14:47:13 [DEBUG] send_command: after wait, fd=13 is_open=True
14:47:13 [DEBUG] send_command readline #0: fd=13
14:47:13 [DEBUG] send_command readline #0 response: 'ok'
14:47:13 [DEBUG] move_XYZ result='ok'
14:47:14 [DEBUG] send_command: fd=13 is_open=True cmd='?'
14:47:14 [DEBUG] wait_for_movement_completion: skipping for '?'
14:47:14 [DEBUG] send_command: after wait, fd=13 is_open=True
14:47:14 [DEBUG] send_command readline #0: fd=13
14:47:14 [DEBUG] send_command readline #0 response: '<Idle|MPos:-1.000,-5.000,-5.000|FS:0,0|Ov:100,100,100>'
14:47:14 [DEBUG] send_command readline #1: fd=13
14:47:14 [DEBUG] send_command readline #1 response: 'ok'
14:47:14 [DEBUG]  _jog: moving axis=X step=1.0 pos={'x_pos': -1.0, 'y_pos': -5.0, 'z_pos': -5.0}
14:47:14 [DEBUG] send_command: fd=13 is_open=True cmd='G1 X0.0 Y-5.0 Z-5.0 F2500'
14:47:14 [DEBUG] wait_poll: fd=13 is_open=True
14:47:14 [DEBUG] wait_poll response: '<Idle|MPos:-1.000,-5.000,-5.000|FS:0,0>'
14:47:14 [DEBUG] send_command: after wait, fd=13 is_open=True
14:47:14 [DEBUG] send_command readline #0: fd=13
14:47:14 [DEBUG] send_command readline #0 response: 'ok'
14:47:14 [DEBUG] move_XYZ result='ok'
14:47:21 [DEBUG] send_command: fd=13 is_open=True cmd='?'
14:47:21 [DEBUG] wait_for_movement_completion: skipping for '?'
14:47:21 [DEBUG] send_command: after wait, fd=13 is_open=True
14:47:21 [DEBUG] send_command readline #0: fd=13
14:47:21 [DEBUG] send_command readline #0 response: 'ALARM:1'
14:47:21 [DEBUG] recover: soft_reset
14:47:21 [DEBUG] soft_reset: sending Ctrl+X
14:47:22 [DEBUG] soft_reset: reopening serial port
14:47:23 [DEBUG] soft_reset: serial port reopened
14:47:23 [DEBUG] recover: sending $X
14:47:23 [DEBUG] send_command: fd=13 is_open=True cmd='$X'
14:47:23 [DEBUG] wait_for_movement_completion: skipping for '$X'
14:47:23 [DEBUG] send_command: after wait, fd=13 is_open=True
14:47:23 [DEBUG] send_command readline #0: fd=13
14:47:24 [DEBUG] send_command readline #0 response: ''
14:47:24 [DEBUG] send_command readline #1: fd=13
14:47:24 [DEBUG] send_command readline #1 response: ''
14:47:24 [DEBUG] send_command readline #2: fd=13
14:47:24 [DEBUG] send_command readline #2 response: "Grbl 1.1f ['$' for help]"
14:47:24 [DEBUG] send_command readline #3: fd=13
14:47:24 [DEBUG] send_command readline #3 response: "[MSG:'$H'|'$X' to unlock]"
14:47:24 [DEBUG] send_command readline #4: fd=13
14:47:25 [DEBUG] send_command readline #4 response: ''
14:47:25 [DEBUG] send_command readline #5: fd=13
14:47:26 [DEBUG] send_command readline #5 response: ''
14:47:26 [DEBUG] send_command readline #6: fd=13
14:47:27 [DEBUG] send_command readline #6 response: ''
14:47:27 [DEBUG] send_command readline #7: fd=13
14:47:28 [DEBUG] send_command readline #7 response: ''
14:47:28 [DEBUG] send_command readline #8: fd=13
14:47:29 [DEBUG] send_command readline #8 response: ''
14:47:29 [DEBUG] send_command readline #9: fd=13
14:47:30 [DEBUG] send_command readline #9 response: ''
14:47:30 [DEBUG] send_command readline #10: fd=13
14:47:31 [DEBUG] send_command readline #10 response: ''
14:47:31 [DEBUG] send_command readline #11: fd=13
14:47:32 [DEBUG] send_command readline #11 response: ''
14:47:32 [DEBUG] send_command readline #12: fd=13
14:47:33 [DEBUG] send_command readline #12 response: ''
14:47:33 [DEBUG] send_command readline #13: fd=13
14:47:34 [DEBUG] send_command readline #13 response: ''
14:47:34 [DEBUG] send_command readline #14: fd=13
14:47:35 [DEBUG] send_command readline #14 response: ''
14:47:35 [DEBUG] send_command readline #15: fd=13
14:47:36 [DEBUG] CNCWorker EXCEPTION (type=recover):
Traceback (most recent call last):
  File "/home/r/rpi_camera_tests/GUI/cnc.py", line 226, in run
    self.cnc.send_command("$X\n")
  File "/home/r/rpi_camera_tests/GUI/cnc.py", line 125, in send_command
    response = self.ser.readline().decode().strip()
               ^^^^^^^^^^^^^^^^^^^
  File "/usr/lib/python3/dist-packages/serial/serialposix.py", line 575, in read
    buf = os.read(self.fd, size - len(read))
          ^^^^^^^^^^^^^^^^^^^^^^^^^^^^^^^^^^
TypeError: 'NoneType' object cannot be interpreted as an integer

